0 silly argv {
0 silly argv   _: [ 'bootstrap' ],
0 silly argv   'use-workspaces': true,
0 silly argv   useWorkspaces: true,
0 silly argv   lernaVersion: '3.22.1',
0 silly argv   '$0': 'lerna'
0 silly argv }
1 notice cli v3.22.1
2 verbose rootPath /Users/takagi/Project/monorepo
3 info versioning independent
4 notice filter excluding "component-*"
5 info filter [ '!component-*' ]
6 error TypeError: Cannot read property 'split' of undefined
6 error     at Minimatch.match (/Users/takagi/.nvm/versions/node/v14.8.0/lib/node_modules/lerna/node_modules/minimatch/minimatch.js:717:9)
6 error     at /Users/takagi/.nvm/versions/node/v14.8.0/lib/node_modules/lerna/node_modules/minimatch/minimatch.js:691:15
6 error     at Array.filter (<anonymous>)
6 error     at Function.minimatch.match (/Users/takagi/.nvm/versions/node/v14.8.0/lib/node_modules/lerna/node_modules/minimatch/minimatch.js:690:15)
6 error     at /Users/takagi/.nvm/versions/node/v14.8.0/lib/node_modules/lerna/node_modules/multimatch/index.js:23:33
6 error     at Array.reduce (<anonymous>)
6 error     at module.exports (/Users/takagi/.nvm/versions/node/v14.8.0/lib/node_modules/lerna/node_modules/multimatch/index.js:15:18)
6 error     at filterPackages (/Users/takagi/.nvm/versions/node/v14.8.0/lib/node_modules/lerna/node_modules/@lerna/filter-packages/filter-packages.js:45:28)
